2024-05-02 09:16:09,042 [Worker-1: Loading available Gradle versions] INFO  o.e.b.c.i.u.g.PublishedGradleVersions - Gradle version information cache is out-of-date. Trying to update.
2024-05-02 09:16:37,786 [Worker-18: Update Maven projects configuration] INFO  o.e.m.c.i.p.ProjectConfigurationManager - Update started
2024-05-02 09:16:39,589 [Worker-18: Update Maven projects configuration] INFO  o.e.m.c.i.l.LifecycleMappingFactory - Using org.eclipse.m2e.jdt.JarLifecycleMapping lifecycle mapping for MavenProject: com.gildedrose:gilded-rose-kata:0.0.1-SNAPSHOT @ C:\Users\LX4861307G\Desktop\Pruebas\CodigoJava\Kata\pom.xml.
2024-05-02 09:16:40,672 [Worker-18: Update Maven projects configuration] INFO  o.e.m.j.i.AbstractJavaProjectConfigurator - Adding source folder /Kata/src/main/java
2024-05-02 09:16:40,674 [Worker-18: Update Maven projects configuration] INFO  o.e.m.j.i.AbstractJavaProjectConfigurator - Adding resource folder /Kata/src/main/resources
2024-05-02 09:16:40,679 [Worker-18: Update Maven projects configuration] INFO  o.e.m.j.i.AbstractJavaProjectConfigurator - Adding source folder /Kata/src/test/java
2024-05-02 09:16:40,681 [Worker-18: Update Maven projects configuration] INFO  o.e.m.j.i.AbstractJavaProjectConfigurator - Adding resource folder /Kata/src/test/resources
2024-05-02 09:16:40,683 [Worker-18: Update Maven projects configuration] ERROR o.e.m.j.i.AbstractJavaProjectConfigurator - Failed to find a compatible VM for environment id 'JavaSE-1.8', falling back to workspace default
2024-05-02 09:16:40,865 [Worker-18: Update Maven projects configuration] INFO  o.e.m.c.i.p.ProjectConfigurationManager - Update completed for 1 poms: local refresh takes 0,00 sec, refresh facades takes 2,00 sec, update config takes 0,00 sec 
2024-05-02 09:17:02,738 [Worker-20: Building] INFO  o.a.m.s.f.DefaultMavenResourcesFiltering - skip non existing resourceDirectory C:\Users\LX4861307G\Desktop\Pruebas\CodigoJava\Kata\src\main\resources
2024-05-02 09:17:02,750 [Worker-20: Building] INFO  o.a.m.s.f.DefaultMavenResourcesFiltering - skip non existing resourceDirectory C:\Users\LX4861307G\Desktop\Pruebas\CodigoJava\Kata\src\test\resources
2024-05-02 09:46:48,712 [Worker-29: Update Maven projects configuration] INFO  o.e.m.c.i.p.ProjectConfigurationManager - Update started
2024-05-02 09:46:49,587 [Worker-29: Update Maven projects configuration] INFO  o.e.m.c.i.l.LifecycleMappingFactory - Using org.eclipse.m2e.jdt.JarLifecycleMapping lifecycle mapping for MavenProject: com.gildedrose:gildedrose:0.0.1-SNAPSHOT @ C:\Users\LX4861307G\Desktop\Pruebas\CodigoJava\devops\pom.xml.
2024-05-02 09:46:50,018 [Worker-29: Update Maven projects configuration] INFO  o.e.m.c.i.e.AbstractTransferListenerAdapter - Downloading https://repo.maven.apache.org/maven2/org/mockito/mockito-core/5.7.0/mockito-core-5.7.0.pom
2024-05-02 09:46:50,037 [Worker-29: Update Maven projects configuration] INFO  o.e.m.c.i.e.AbstractTransferListenerAdapter - Downloaded https://repo.maven.apache.org/maven2/org/mockito/mockito-core/5.7.0/mockito-core-5.7.0.pom
2024-05-02 09:46:50,089 [Worker-29: Update Maven projects configuration] INFO  o.e.m.c.i.e.AbstractTransferListenerAdapter - Downloading https://repo.maven.apache.org/maven2/net/bytebuddy/byte-buddy/1.14.9/byte-buddy-1.14.9.pom
2024-05-02 09:46:50,109 [Worker-29: Update Maven projects configuration] INFO  o.e.m.c.i.e.AbstractTransferListenerAdapter - Downloaded https://repo.maven.apache.org/maven2/net/bytebuddy/byte-buddy/1.14.9/byte-buddy-1.14.9.pom
2024-05-02 09:46:50,159 [Worker-29: Update Maven projects configuration] INFO  o.e.m.c.i.e.AbstractTransferListenerAdapter - Downloading https://repo.maven.apache.org/maven2/net/bytebuddy/byte-buddy-parent/1.14.9/byte-buddy-parent-1.14.9.pom
2024-05-02 09:46:50,210 [Worker-29: Update Maven projects configuration] INFO  o.e.m.c.i.e.AbstractTransferListenerAdapter - Downloaded https://repo.maven.apache.org/maven2/net/bytebuddy/byte-buddy-parent/1.14.9/byte-buddy-parent-1.14.9.pom
2024-05-02 09:46:50,257 [Worker-29: Update Maven projects configuration] INFO  o.e.m.c.i.e.AbstractTransferListenerAdapter - Downloading https://repo.maven.apache.org/maven2/net/bytebuddy/byte-buddy-agent/1.14.9/byte-buddy-agent-1.14.9.pom
2024-05-02 09:46:50,271 [Worker-29: Update Maven projects configuration] INFO  o.e.m.c.i.e.AbstractTransferListenerAdapter - Downloaded https://repo.maven.apache.org/maven2/net/bytebuddy/byte-buddy-agent/1.14.9/byte-buddy-agent-1.14.9.pom
2024-05-02 09:46:50,311 [Worker-29: Update Maven projects configuration] INFO  o.e.m.c.i.e.AbstractTransferListenerAdapter - Downloading https://repo.maven.apache.org/maven2/org/objenesis/objenesis/3.3/objenesis-3.3.pom
2024-05-02 09:46:50,323 [Worker-29: Update Maven projects configuration] INFO  o.e.m.c.i.e.AbstractTransferListenerAdapter - Downloaded https://repo.maven.apache.org/maven2/org/objenesis/objenesis/3.3/objenesis-3.3.pom
2024-05-02 09:46:50,378 [Worker-29: Update Maven projects configuration] INFO  o.e.m.c.i.e.AbstractTransferListenerAdapter - Downloading https://repo.maven.apache.org/maven2/org/objenesis/objenesis-parent/3.3/objenesis-parent-3.3.pom
2024-05-02 09:46:50,394 [Worker-29: Update Maven projects configuration] INFO  o.e.m.c.i.e.AbstractTransferListenerAdapter - Downloaded https://repo.maven.apache.org/maven2/org/objenesis/objenesis-parent/3.3/objenesis-parent-3.3.pom
2024-05-02 09:46:50,436 [Worker-29: Update Maven projects configuration] INFO  o.e.m.c.i.e.AbstractTransferListenerAdapter - Downloading https://repo.maven.apache.org/maven2/org/mockito/mockito-junit-jupiter/5.7.0/mockito-junit-jupiter-5.7.0.pom
2024-05-02 09:46:50,445 [Worker-29: Update Maven projects configuration] INFO  o.e.m.c.i.e.AbstractTransferListenerAdapter - Downloaded https://repo.maven.apache.org/maven2/org/mockito/mockito-junit-jupiter/5.7.0/mockito-junit-jupiter-5.7.0.pom
2024-05-02 09:46:50,496 [Worker-29: Update Maven projects configuration] INFO  o.e.m.c.i.e.AbstractTransferListenerAdapter - Downloading https://repo.maven.apache.org/maven2/org/junit/jupiter/junit-jupiter-api/5.10.0/junit-jupiter-api-5.10.0.pom
2024-05-02 09:46:50,504 [Worker-29: Update Maven projects configuration] INFO  o.e.m.c.i.e.AbstractTransferListenerAdapter - Downloaded https://repo.maven.apache.org/maven2/org/junit/jupiter/junit-jupiter-api/5.10.0/junit-jupiter-api-5.10.0.pom
2024-05-02 09:46:50,556 [Worker-29: Update Maven projects configuration] INFO  o.e.m.c.i.e.AbstractTransferListenerAdapter - Downloading https://repo.maven.apache.org/maven2/org/junit/junit-bom/5.10.0/junit-bom-5.10.0.pom
2024-05-02 09:46:50,573 [Worker-29: Update Maven projects configuration] INFO  o.e.m.c.i.e.AbstractTransferListenerAdapter - Downloaded https://repo.maven.apache.org/maven2/org/junit/junit-bom/5.10.0/junit-bom-5.10.0.pom
2024-05-02 09:46:50,611 [Worker-29: Update Maven projects configuration] INFO  o.e.m.c.i.e.AbstractTransferListenerAdapter - Downloading https://repo.maven.apache.org/maven2/org/opentest4j/opentest4j/1.3.0/opentest4j-1.3.0.pom
2024-05-02 09:46:50,619 [Worker-29: Update Maven projects configuration] INFO  o.e.m.c.i.e.AbstractTransferListenerAdapter - Downloaded https://repo.maven.apache.org/maven2/org/opentest4j/opentest4j/1.3.0/opentest4j-1.3.0.pom
2024-05-02 09:46:50,654 [Worker-29: Update Maven projects configuration] INFO  o.e.m.c.i.e.AbstractTransferListenerAdapter - Downloading https://repo.maven.apache.org/maven2/org/junit/platform/junit-platform-commons/1.10.0/junit-platform-commons-1.10.0.pom
2024-05-02 09:46:50,666 [Worker-29: Update Maven projects configuration] INFO  o.e.m.c.i.e.AbstractTransferListenerAdapter - Downloaded https://repo.maven.apache.org/maven2/org/junit/platform/junit-platform-commons/1.10.0/junit-platform-commons-1.10.0.pom
2024-05-02 09:46:50,736 [Worker-29: Update Maven projects configuration] INFO  o.e.m.c.i.e.AbstractTransferListenerAdapter - Downloading https://repo.maven.apache.org/maven2/org/mockito/mockito-core/5.7.0/mockito-core-5.7.0.jar
2024-05-02 09:46:50,923 [Worker-29: Update Maven projects configuration] INFO  o.e.m.c.i.e.AbstractTransferListenerAdapter - Downloaded https://repo.maven.apache.org/maven2/org/mockito/mockito-core/5.7.0/mockito-core-5.7.0.jar
2024-05-02 09:46:50,977 [BasicRepositoryConnector-repo.maven.apache.org-0-3] INFO  o.e.m.c.i.e.AbstractTransferListenerAdapter - Downloading https://repo.maven.apache.org/maven2/org/mockito/mockito-junit-jupiter/5.7.0/mockito-junit-jupiter-5.7.0.jar
2024-05-02 09:46:50,990 [BasicRepositoryConnector-repo.maven.apache.org-0-3] INFO  o.e.m.c.i.e.AbstractTransferListenerAdapter - Downloaded https://repo.maven.apache.org/maven2/org/mockito/mockito-junit-jupiter/5.7.0/mockito-junit-jupiter-5.7.0.jar
2024-05-02 09:46:51,059 [BasicRepositoryConnector-repo.maven.apache.org-0-1] INFO  o.e.m.c.i.e.AbstractTransferListenerAdapter - Downloading https://repo.maven.apache.org/maven2/net/bytebuddy/byte-buddy-agent/1.14.9/byte-buddy-agent-1.14.9.jar
2024-05-02 09:46:51,066 [BasicRepositoryConnector-repo.maven.apache.org-0-2] INFO  o.e.m.c.i.e.AbstractTransferListenerAdapter - Downloading https://repo.maven.apache.org/maven2/org/objenesis/objenesis/3.3/objenesis-3.3.jar
2024-05-02 09:46:51,066 [BasicRepositoryConnector-repo.maven.apache.org-0-0] INFO  o.e.m.c.i.e.AbstractTransferListenerAdapter - Downloading https://repo.maven.apache.org/maven2/net/bytebuddy/byte-buddy/1.14.9/byte-buddy-1.14.9.jar
2024-05-02 09:46:51,117 [BasicRepositoryConnector-repo.maven.apache.org-0-2] INFO  o.e.m.c.i.e.AbstractTransferListenerAdapter - Downloaded https://repo.maven.apache.org/maven2/org/objenesis/objenesis/3.3/objenesis-3.3.jar
2024-05-02 09:46:51,228 [BasicRepositoryConnector-repo.maven.apache.org-0-1] INFO  o.e.m.c.i.e.AbstractTransferListenerAdapter - Downloaded https://repo.maven.apache.org/maven2/net/bytebuddy/byte-buddy-agent/1.14.9/byte-buddy-agent-1.14.9.jar
2024-05-02 09:46:51,764 [BasicRepositoryConnector-repo.maven.apache.org-0-0] INFO  o.e.m.c.i.e.AbstractTransferListenerAdapter - Downloaded https://repo.maven.apache.org/maven2/net/bytebuddy/byte-buddy/1.14.9/byte-buddy-1.14.9.jar
2024-05-02 09:46:52,024 [Worker-29: Update Maven projects configuration] INFO  o.e.m.j.i.AbstractJavaProjectConfigurator - Adding source folder /devops/src/main/java
2024-05-02 09:46:52,025 [Worker-29: Update Maven projects configuration] INFO  o.e.m.j.i.AbstractJavaProjectConfigurator - Adding resource folder /devops/src/main/resources
2024-05-02 09:46:52,027 [Worker-29: Update Maven projects configuration] INFO  o.e.m.j.i.AbstractJavaProjectConfigurator - Adding source folder /devops/src/test/java
2024-05-02 09:46:52,028 [Worker-29: Update Maven projects configuration] INFO  o.e.m.j.i.AbstractJavaProjectConfigurator - Adding resource folder /devops/src/test/resources
2024-05-02 09:46:52,028 [Worker-29: Update Maven projects configuration] ERROR o.e.m.j.i.AbstractJavaProjectConfigurator - Failed to find a compatible VM for environment id 'JavaSE-1.8', falling back to workspace default
2024-05-02 09:46:52,438 [Worker-29: Update Maven projects configuration] INFO  o.e.m.c.i.p.ProjectConfigurationManager - Update completed for 1 poms: local refresh takes 0,00 sec, refresh facades takes 3,00 sec, update config takes 0,00 sec 
2024-05-02 09:46:52,826 [Worker-27: Building] WARN  o.a.m.s.f.DefaultMavenResourcesFiltering - Using platform encoding (UTF-8 actually) to copy filtered resources, i.e. build is platform dependent!
2024-05-02 09:46:52,828 [Worker-27: Building] INFO  o.a.m.s.f.DefaultMavenResourcesFiltering - skip non existing resourceDirectory C:\Users\LX4861307G\Desktop\Pruebas\CodigoJava\devops\src\main\resources
2024-05-02 09:46:52,832 [Worker-27: Building] WARN  o.a.m.s.f.DefaultMavenResourcesFiltering - Using platform encoding (UTF-8 actually) to copy filtered resources, i.e. build is platform dependent!
2024-05-02 09:46:52,834 [Worker-27: Building] INFO  o.a.m.s.f.DefaultMavenResourcesFiltering - skip non existing resourceDirectory C:\Users\LX4861307G\Desktop\Pruebas\CodigoJava\devops\src\test\resources
2024-05-02 09:46:53,083 [Worker-29: Download sources and javadoc] INFO  o.e.m.c.i.e.AbstractTransferListenerAdapter - Downloading https://repo.maven.apache.org/maven2/org/mockito/mockito-core/5.7.0/mockito-core-5.7.0-sources.jar
2024-05-02 09:46:53,232 [Worker-29: Download sources and javadoc] INFO  o.e.m.c.i.e.AbstractTransferListenerAdapter - Downloaded https://repo.maven.apache.org/maven2/org/mockito/mockito-core/5.7.0/mockito-core-5.7.0-sources.jar
2024-05-02 09:46:53,238 [Worker-29: Download sources and javadoc] INFO  o.e.m.j.internal.DownloadSourcesJob - Downloaded sources for org.mockito:mockito-core:5.7.0
2024-05-02 09:46:53,345 [Worker-29: Download sources and javadoc] INFO  o.e.m.c.i.e.AbstractTransferListenerAdapter - Downloading https://repo.maven.apache.org/maven2/net/bytebuddy/byte-buddy/1.14.9/byte-buddy-1.14.9-sources.jar
2024-05-02 09:46:53,584 [Worker-29: Download sources and javadoc] INFO  o.e.m.c.i.e.AbstractTransferListenerAdapter - Downloaded https://repo.maven.apache.org/maven2/net/bytebuddy/byte-buddy/1.14.9/byte-buddy-1.14.9-sources.jar
2024-05-02 09:46:53,593 [Worker-29: Download sources and javadoc] INFO  o.e.m.j.internal.DownloadSourcesJob - Downloaded sources for net.bytebuddy:byte-buddy:1.14.9
2024-05-02 09:46:53,716 [Worker-29: Download sources and javadoc] INFO  o.e.m.c.i.e.AbstractTransferListenerAdapter - Downloading https://repo.maven.apache.org/maven2/net/bytebuddy/byte-buddy-agent/1.14.9/byte-buddy-agent-1.14.9-sources.jar
2024-05-02 09:46:53,815 [Worker-29: Download sources and javadoc] INFO  o.e.m.c.i.e.AbstractTransferListenerAdapter - Downloaded https://repo.maven.apache.org/maven2/net/bytebuddy/byte-buddy-agent/1.14.9/byte-buddy-agent-1.14.9-sources.jar
2024-05-02 09:46:53,821 [Worker-29: Download sources and javadoc] INFO  o.e.m.j.internal.DownloadSourcesJob - Downloaded sources for net.bytebuddy:byte-buddy-agent:1.14.9
2024-05-02 09:46:53,950 [Worker-29: Download sources and javadoc] INFO  o.e.m.c.i.e.AbstractTransferListenerAdapter - Downloading https://repo.maven.apache.org/maven2/org/objenesis/objenesis/3.3/objenesis-3.3-sources.jar
2024-05-02 09:46:53,991 [Worker-29: Download sources and javadoc] INFO  o.e.m.c.i.e.AbstractTransferListenerAdapter - Downloaded https://repo.maven.apache.org/maven2/org/objenesis/objenesis/3.3/objenesis-3.3-sources.jar
2024-05-02 09:46:53,998 [Worker-29: Download sources and javadoc] INFO  o.e.m.j.internal.DownloadSourcesJob - Downloaded sources for org.objenesis:objenesis:3.3
2024-05-02 09:46:54,113 [Worker-29: Download sources and javadoc] INFO  o.e.m.c.i.e.AbstractTransferListenerAdapter - Downloading https://repo.maven.apache.org/maven2/org/mockito/mockito-junit-jupiter/5.7.0/mockito-junit-jupiter-5.7.0-sources.jar
2024-05-02 09:46:54,125 [Worker-29: Download sources and javadoc] INFO  o.e.m.c.i.e.AbstractTransferListenerAdapter - Downloaded https://repo.maven.apache.org/maven2/org/mockito/mockito-junit-jupiter/5.7.0/mockito-junit-jupiter-5.7.0-sources.jar
2024-05-02 09:46:54,131 [Worker-29: Download sources and javadoc] INFO  o.e.m.j.internal.DownloadSourcesJob - Downloaded sources for org.mockito:mockito-junit-jupiter:5.7.0
2024-05-02 10:48:21,178 [Worker-39: Building] INFO  o.a.m.s.f.DefaultMavenResourcesFiltering - skip non existing resourceDirectory C:\Users\LX4861307G\Desktop\Pruebas\CodigoJava\Kata\src\main\resources
2024-05-02 10:48:21,181 [Worker-39: Building] INFO  o.a.m.s.f.DefaultMavenResourcesFiltering - skip non existing resourceDirectory C:\Users\LX4861307G\Desktop\Pruebas\CodigoJava\Kata\src\test\resources
2024-05-02 10:48:31,461 [Worker-40: Building] INFO  o.a.m.s.f.DefaultMavenResourcesFiltering - skip non existing resourceDirectory C:\Users\LX4861307G\Desktop\Pruebas\CodigoJava\Kata\src\main\resources
2024-05-02 10:48:31,466 [Worker-40: Building] INFO  o.a.m.s.f.DefaultMavenResourcesFiltering - skip non existing resourceDirectory C:\Users\LX4861307G\Desktop\Pruebas\CodigoJava\Kata\src\test\resources
2024-05-02 10:50:52,952 [Worker-43: Building] INFO  o.a.m.s.f.DefaultMavenResourcesFiltering - skip non existing resourceDirectory C:\Users\LX4861307G\Desktop\Pruebas\CodigoJava\Kata\src\main\resources
2024-05-02 10:50:52,958 [Worker-43: Building] INFO  o.a.m.s.f.DefaultMavenResourcesFiltering - skip non existing resourceDirectory C:\Users\LX4861307G\Desktop\Pruebas\CodigoJava\Kata\src\test\resources
2024-05-02 10:50:56,287 [Worker-38: Building] INFO  o.a.m.s.f.DefaultMavenResourcesFiltering - skip non existing resourceDirectory C:\Users\LX4861307G\Desktop\Pruebas\CodigoJava\Kata\src\main\resources
2024-05-02 10:50:56,290 [Worker-38: Building] INFO  o.a.m.s.f.DefaultMavenResourcesFiltering - skip non existing resourceDirectory C:\Users\LX4861307G\Desktop\Pruebas\CodigoJava\Kata\src\test\resources
2024-05-02 10:50:59,118 [Worker-38: Building] INFO  o.a.m.s.f.DefaultMavenResourcesFiltering - skip non existing resourceDirectory C:\Users\LX4861307G\Desktop\Pruebas\CodigoJava\Kata\src\main\resources
2024-05-02 10:50:59,121 [Worker-38: Building] INFO  o.a.m.s.f.DefaultMavenResourcesFiltering - skip non existing resourceDirectory C:\Users\LX4861307G\Desktop\Pruebas\CodigoJava\Kata\src\test\resources
2024-05-02 10:51:00,286 [Worker-43: Building] INFO  o.a.m.s.f.DefaultMavenResourcesFiltering - skip non existing resourceDirectory C:\Users\LX4861307G\Desktop\Pruebas\CodigoJava\Kata\src\main\resources
2024-05-02 10:51:00,288 [Worker-43: Building] INFO  o.a.m.s.f.DefaultMavenResourcesFiltering - skip non existing resourceDirectory C:\Users\LX4861307G\Desktop\Pruebas\CodigoJava\Kata\src\test\resources
2024-05-02 10:51:35,609 [Worker-44: Building] INFO  o.a.m.s.f.DefaultMavenResourcesFiltering - skip non existing resourceDirectory C:\Users\LX4861307G\Desktop\Pruebas\CodigoJava\Kata\src\main\resources
2024-05-02 10:51:35,611 [Worker-44: Building] INFO  o.a.m.s.f.DefaultMavenResourcesFiltering - skip non existing resourceDirectory C:\Users\LX4861307G\Desktop\Pruebas\CodigoJava\Kata\src\test\resources
2024-05-02 10:51:41,731 [Worker-42: Building] INFO  o.a.m.s.f.DefaultMavenResourcesFiltering - skip non existing resourceDirectory C:\Users\LX4861307G\Desktop\Pruebas\CodigoJava\Kata\src\main\resources
2024-05-02 10:51:41,734 [Worker-42: Building] INFO  o.a.m.s.f.DefaultMavenResourcesFiltering - skip non existing resourceDirectory C:\Users\LX4861307G\Desktop\Pruebas\CodigoJava\Kata\src\test\resources
2024-05-02 10:56:25,688 [Worker-40: Building] INFO  o.a.m.s.f.DefaultMavenResourcesFiltering - skip non existing resourceDirectory C:\Users\LX4861307G\Desktop\Pruebas\CodigoJava\Kata\src\main\resources
2024-05-02 10:56:25,691 [Worker-40: Building] INFO  o.a.m.s.f.DefaultMavenResourcesFiltering - skip non existing resourceDirectory C:\Users\LX4861307G\Desktop\Pruebas\CodigoJava\Kata\src\test\resources
2024-05-02 10:56:38,657 [Worker-43: Building] INFO  o.a.m.s.f.DefaultMavenResourcesFiltering - skip non existing resourceDirectory C:\Users\LX4861307G\Desktop\Pruebas\CodigoJava\Kata\src\main\resources
2024-05-02 10:56:38,664 [Worker-43: Building] INFO  o.a.m.s.f.DefaultMavenResourcesFiltering - skip non existing resourceDirectory C:\Users\LX4861307G\Desktop\Pruebas\CodigoJava\Kata\src\test\resources
2024-05-02 10:57:15,357 [Worker-40: Building] INFO  o.a.m.s.f.DefaultMavenResourcesFiltering - skip non existing resourceDirectory C:\Users\LX4861307G\Desktop\Pruebas\CodigoJava\Kata\src\main\resources
2024-05-02 10:57:15,359 [Worker-40: Building] INFO  o.a.m.s.f.DefaultMavenResourcesFiltering - skip non existing resourceDirectory C:\Users\LX4861307G\Desktop\Pruebas\CodigoJava\Kata\src\test\resources
2024-05-02 10:57:46,487 [Worker-47: Building] INFO  o.a.m.s.f.DefaultMavenResourcesFiltering - skip non existing resourceDirectory C:\Users\LX4861307G\Desktop\Pruebas\CodigoJava\Kata\src\main\resources
2024-05-02 10:57:46,489 [Worker-47: Building] INFO  o.a.m.s.f.DefaultMavenResourcesFiltering - skip non existing resourceDirectory C:\Users\LX4861307G\Desktop\Pruebas\CodigoJava\Kata\src\test\resources
2024-05-02 10:57:50,602 [Worker-47: Building] INFO  o.a.m.s.f.DefaultMavenResourcesFiltering - skip non existing resourceDirectory C:\Users\LX4861307G\Desktop\Pruebas\CodigoJava\Kata\src\main\resources
2024-05-02 10:57:50,604 [Worker-47: Building] INFO  o.a.m.s.f.DefaultMavenResourcesFiltering - skip non existing resourceDirectory C:\Users\LX4861307G\Desktop\Pruebas\CodigoJava\Kata\src\test\resources
2024-05-02 11:11:24,280 [Worker-47: Building] INFO  o.a.m.s.f.DefaultMavenResourcesFiltering - skip non existing resourceDirectory C:\Users\LX4861307G\Desktop\Pruebas\CodigoJava\Kata\src\main\resources
2024-05-02 11:11:24,283 [Worker-47: Building] INFO  o.a.m.s.f.DefaultMavenResourcesFiltering - skip non existing resourceDirectory C:\Users\LX4861307G\Desktop\Pruebas\CodigoJava\Kata\src\test\resources
2024-05-02 11:28:31,232 [Worker-51: Building] INFO  o.e.m.c.i.e.AbstractTransferListenerAdapter - Downloading https://repo.maven.apache.org/maven2/org/apache/maven/plugins/maven-surefire-plugin/3.0.0/maven-surefire-plugin-3.0.0.jar
2024-05-02 11:28:31,267 [Worker-51: Building] INFO  o.e.m.c.i.e.AbstractTransferListenerAdapter - Downloaded https://repo.maven.apache.org/maven2/org/apache/maven/plugins/maven-surefire-plugin/3.0.0/maven-surefire-plugin-3.0.0.jar
2024-05-02 11:28:31,329 [Worker-51: Building] INFO  o.e.m.c.i.l.LifecycleMappingFactory - Using org.eclipse.m2e.jdt.JarLifecycleMapping lifecycle mapping for MavenProject: com.gildedrose:gilded-rose-kata:0.0.1-SNAPSHOT @ C:\Users\LX4861307G\Desktop\Pruebas\CodigoJava\Kata\pom.xml.
2024-05-02 11:28:31,776 [Worker-51: Building] INFO  o.a.m.s.f.DefaultMavenResourcesFiltering - skip non existing resourceDirectory C:\Users\LX4861307G\Desktop\Pruebas\CodigoJava\Kata\src\main\resources
2024-05-02 11:28:31,782 [Worker-51: Building] INFO  o.a.m.s.f.DefaultMavenResourcesFiltering - skip non existing resourceDirectory C:\Users\LX4861307G\Desktop\Pruebas\CodigoJava\Kata\src\test\resources
2024-05-02 11:28:31,814 [Worker-51: Building] INFO  o.e.m.c.i.e.AbstractTransferListenerAdapter - Downloading https://repo.maven.apache.org/maven2/org/apache/maven/plugins/maven-surefire-plugin/3.0.0/maven-surefire-plugin-3.0.0.pom
2024-05-02 11:28:31,823 [Worker-51: Building] INFO  o.e.m.c.i.e.AbstractTransferListenerAdapter - Downloaded https://repo.maven.apache.org/maven2/org/apache/maven/plugins/maven-surefire-plugin/3.0.0/maven-surefire-plugin-3.0.0.pom
2024-05-02 11:28:31,863 [Worker-51: Building] INFO  o.e.m.c.i.e.AbstractTransferListenerAdapter - Downloading https://repo.maven.apache.org/maven2/org/apache/maven/surefire/surefire/3.0.0/surefire-3.0.0.pom
2024-05-02 11:28:31,875 [Worker-51: Building] INFO  o.e.m.c.i.e.AbstractTransferListenerAdapter - Downloaded https://repo.maven.apache.org/maven2/org/apache/maven/surefire/surefire/3.0.0/surefire-3.0.0.pom
2024-05-02 11:28:42,100 [Worker-53: Building] INFO  o.e.m.c.i.l.LifecycleMappingFactory - Using org.eclipse.m2e.jdt.JarLifecycleMapping lifecycle mapping for MavenProject: com.gildedrose:gilded-rose-kata:0.0.1-SNAPSHOT @ C:\Users\LX4861307G\Desktop\Pruebas\CodigoJava\Kata\pom.xml.
2024-05-02 11:28:42,343 [Worker-53: Building] INFO  o.a.m.s.f.DefaultMavenResourcesFiltering - skip non existing resourceDirectory C:\Users\LX4861307G\Desktop\Pruebas\CodigoJava\Kata\src\main\resources
2024-05-02 11:28:42,348 [Worker-53: Building] INFO  o.a.m.s.f.DefaultMavenResourcesFiltering - skip non existing resourceDirectory C:\Users\LX4861307G\Desktop\Pruebas\CodigoJava\Kata\src\test\resources
2024-05-02 11:29:39,537 [Worker-47: Building] INFO  o.a.m.s.f.DefaultMavenResourcesFiltering - skip non existing resourceDirectory C:\Users\LX4861307G\Desktop\Pruebas\CodigoJava\Kata\src\main\resources
2024-05-02 11:29:39,540 [Worker-47: Building] INFO  o.a.m.s.f.DefaultMavenResourcesFiltering - skip non existing resourceDirectory C:\Users\LX4861307G\Desktop\Pruebas\CodigoJava\Kata\src\test\resources
2024-05-02 11:30:17,847 [Worker-47: Building] INFO  o.a.m.s.f.DefaultMavenResourcesFiltering - skip non existing resourceDirectory C:\Users\LX4861307G\Desktop\Pruebas\CodigoJava\Kata\src\main\resources
2024-05-02 11:30:17,849 [Worker-47: Building] INFO  o.a.m.s.f.DefaultMavenResourcesFiltering - skip non existing resourceDirectory C:\Users\LX4861307G\Desktop\Pruebas\CodigoJava\Kata\src\test\resources
2024-05-02 11:32:44,611 [Worker-46: Building] INFO  o.a.m.s.f.DefaultMavenResourcesFiltering - skip non existing resourceDirectory C:\Users\LX4861307G\Desktop\Pruebas\CodigoJava\Kata\src\main\resources
2024-05-02 11:32:44,616 [Worker-46: Building] INFO  o.a.m.s.f.DefaultMavenResourcesFiltering - skip non existing resourceDirectory C:\Users\LX4861307G\Desktop\Pruebas\CodigoJava\Kata\src\test\resources
2024-05-02 11:37:31,410 [Worker-53: Building] INFO  o.a.m.s.f.DefaultMavenResourcesFiltering - skip non existing resourceDirectory C:\Users\LX4861307G\Desktop\Pruebas\CodigoJava\Kata\src\main\resources
2024-05-02 11:37:31,414 [Worker-53: Building] INFO  o.a.m.s.f.DefaultMavenResourcesFiltering - skip non existing resourceDirectory C:\Users\LX4861307G\Desktop\Pruebas\CodigoJava\Kata\src\test\resources
2024-05-02 11:37:35,174 [Worker-52: Building] INFO  o.a.m.s.f.DefaultMavenResourcesFiltering - skip non existing resourceDirectory C:\Users\LX4861307G\Desktop\Pruebas\CodigoJava\Kata\src\main\resources
2024-05-02 11:37:35,176 [Worker-52: Building] INFO  o.a.m.s.f.DefaultMavenResourcesFiltering - skip non existing resourceDirectory C:\Users\LX4861307G\Desktop\Pruebas\CodigoJava\Kata\src\test\resources
2024-05-02 11:37:49,563 [Worker-52: Building] INFO  o.a.m.s.f.DefaultMavenResourcesFiltering - skip non existing resourceDirectory C:\Users\LX4861307G\Desktop\Pruebas\CodigoJava\Kata\src\main\resources
2024-05-02 11:37:49,565 [Worker-52: Building] INFO  o.a.m.s.f.DefaultMavenResourcesFiltering - skip non existing resourceDirectory C:\Users\LX4861307G\Desktop\Pruebas\CodigoJava\Kata\src\test\resources
2024-05-02 11:38:42,165 [Worker-52: Building] INFO  o.a.m.s.f.DefaultMavenResourcesFiltering - skip non existing resourceDirectory C:\Users\LX4861307G\Desktop\Pruebas\CodigoJava\Kata\src\main\resources
2024-05-02 11:38:42,167 [Worker-52: Building] INFO  o.a.m.s.f.DefaultMavenResourcesFiltering - skip non existing resourceDirectory C:\Users\LX4861307G\Desktop\Pruebas\CodigoJava\Kata\src\test\resources
2024-05-02 11:39:11,611 [Worker-51: Building] INFO  o.a.m.s.f.DefaultMavenResourcesFiltering - skip non existing resourceDirectory C:\Users\LX4861307G\Desktop\Pruebas\CodigoJava\Kata\src\main\resources
2024-05-02 11:39:11,613 [Worker-51: Building] INFO  o.a.m.s.f.DefaultMavenResourcesFiltering - skip non existing resourceDirectory C:\Users\LX4861307G\Desktop\Pruebas\CodigoJava\Kata\src\test\resources
2024-05-02 11:40:24,447 [Worker-51: Building] INFO  o.a.m.s.f.DefaultMavenResourcesFiltering - skip non existing resourceDirectory C:\Users\LX4861307G\Desktop\Pruebas\CodigoJava\Kata\src\main\resources
2024-05-02 11:40:24,451 [Worker-51: Building] INFO  o.a.m.s.f.DefaultMavenResourcesFiltering - skip non existing resourceDirectory C:\Users\LX4861307G\Desktop\Pruebas\CodigoJava\Kata\src\test\resources
2024-05-02 11:40:27,747 [Worker-52: Building] INFO  o.a.m.s.f.DefaultMavenResourcesFiltering - skip non existing resourceDirectory C:\Users\LX4861307G\Desktop\Pruebas\CodigoJava\Kata\src\main\resources
2024-05-02 11:40:27,749 [Worker-52: Building] INFO  o.a.m.s.f.DefaultMavenResourcesFiltering - skip non existing resourceDirectory C:\Users\LX4861307G\Desktop\Pruebas\CodigoJava\Kata\src\test\resources
2024-05-02 11:40:40,869 [Worker-47: Building] INFO  o.a.m.s.f.DefaultMavenResourcesFiltering - skip non existing resourceDirectory C:\Users\LX4861307G\Desktop\Pruebas\CodigoJava\Kata\src\main\resources
2024-05-02 11:40:40,871 [Worker-47: Building] INFO  o.a.m.s.f.DefaultMavenResourcesFiltering - skip non existing resourceDirectory C:\Users\LX4861307G\Desktop\Pruebas\CodigoJava\Kata\src\test\resources
2024-05-02 11:40:58,981 [Worker-46: Building] INFO  o.a.m.s.f.DefaultMavenResourcesFiltering - skip non existing resourceDirectory C:\Users\LX4861307G\Desktop\Pruebas\CodigoJava\Kata\src\main\resources
2024-05-02 11:40:58,983 [Worker-46: Building] INFO  o.a.m.s.f.DefaultMavenResourcesFiltering - skip non existing resourceDirectory C:\Users\LX4861307G\Desktop\Pruebas\CodigoJava\Kata\src\test\resources
2024-05-02 11:41:03,642 [Worker-52: Building] INFO  o.a.m.s.f.DefaultMavenResourcesFiltering - skip non existing resourceDirectory C:\Users\LX4861307G\Desktop\Pruebas\CodigoJava\Kata\src\main\resources
2024-05-02 11:41:03,644 [Worker-52: Building] INFO  o.a.m.s.f.DefaultMavenResourcesFiltering - skip non existing resourceDirectory C:\Users\LX4861307G\Desktop\Pruebas\CodigoJava\Kata\src\test\resources
2024-05-02 11:41:11,797 [Worker-51: Building] INFO  o.a.m.s.f.DefaultMavenResourcesFiltering - skip non existing resourceDirectory C:\Users\LX4861307G\Desktop\Pruebas\CodigoJava\Kata\src\main\resources
2024-05-02 11:41:11,801 [Worker-51: Building] INFO  o.a.m.s.f.DefaultMavenResourcesFiltering - skip non existing resourceDirectory C:\Users\LX4861307G\Desktop\Pruebas\CodigoJava\Kata\src\test\resources
2024-05-02 11:41:25,539 [Worker-53: Building] INFO  o.a.m.s.f.DefaultMavenResourcesFiltering - skip non existing resourceDirectory C:\Users\LX4861307G\Desktop\Pruebas\CodigoJava\Kata\src\main\resources
2024-05-02 11:41:25,541 [Worker-53: Building] INFO  o.a.m.s.f.DefaultMavenResourcesFiltering - skip non existing resourceDirectory C:\Users\LX4861307G\Desktop\Pruebas\CodigoJava\Kata\src\test\resources
2024-05-02 11:41:59,685 [Worker-51: Building] INFO  o.a.m.s.f.DefaultMavenResourcesFiltering - skip non existing resourceDirectory C:\Users\LX4861307G\Desktop\Pruebas\CodigoJava\Kata\src\main\resources
2024-05-02 11:41:59,689 [Worker-51: Building] INFO  o.a.m.s.f.DefaultMavenResourcesFiltering - skip non existing resourceDirectory C:\Users\LX4861307G\Desktop\Pruebas\CodigoJava\Kata\src\test\resources
2024-05-02 11:43:55,524 [Worker-46: Building] INFO  o.a.m.s.f.DefaultMavenResourcesFiltering - skip non existing resourceDirectory C:\Users\LX4861307G\Desktop\Pruebas\CodigoJava\Kata\src\main\resources
2024-05-02 11:43:55,526 [Worker-46: Building] INFO  o.a.m.s.f.DefaultMavenResourcesFiltering - skip non existing resourceDirectory C:\Users\LX4861307G\Desktop\Pruebas\CodigoJava\Kata\src\test\resources
2024-05-02 11:44:21,660 [Worker-47: Building] INFO  o.a.m.s.f.DefaultMavenResourcesFiltering - skip non existing resourceDirectory C:\Users\LX4861307G\Desktop\Pruebas\CodigoJava\Kata\src\main\resources
2024-05-02 11:44:21,663 [Worker-47: Building] INFO  o.a.m.s.f.DefaultMavenResourcesFiltering - skip non existing resourceDirectory C:\Users\LX4861307G\Desktop\Pruebas\CodigoJava\Kata\src\test\resources
2024-05-02 11:44:24,740 [Worker-53: Building] INFO  o.a.m.s.f.DefaultMavenResourcesFiltering - skip non existing resourceDirectory C:\Users\LX4861307G\Desktop\Pruebas\CodigoJava\Kata\src\main\resources
2024-05-02 11:44:24,742 [Worker-53: Building] INFO  o.a.m.s.f.DefaultMavenResourcesFiltering - skip non existing resourceDirectory C:\Users\LX4861307G\Desktop\Pruebas\CodigoJava\Kata\src\test\resources
2024-05-02 11:44:32,547 [Worker-53: Building] INFO  o.a.m.s.f.DefaultMavenResourcesFiltering - skip non existing resourceDirectory C:\Users\LX4861307G\Desktop\Pruebas\CodigoJava\Kata\src\main\resources
2024-05-02 11:44:32,553 [Worker-53: Building] INFO  o.a.m.s.f.DefaultMavenResourcesFiltering - skip non existing resourceDirectory C:\Users\LX4861307G\Desktop\Pruebas\CodigoJava\Kata\src\test\resources
2024-05-02 11:44:35,133 [Worker-46: Building] INFO  o.a.m.s.f.DefaultMavenResourcesFiltering - skip non existing resourceDirectory C:\Users\LX4861307G\Desktop\Pruebas\CodigoJava\Kata\src\main\resources
2024-05-02 11:44:35,136 [Worker-46: Building] INFO  o.a.m.s.f.DefaultMavenResourcesFiltering - skip non existing resourceDirectory C:\Users\LX4861307G\Desktop\Pruebas\CodigoJava\Kata\src\test\resources
2024-05-02 11:49:22,318 [Worker-52: Building] INFO  o.a.m.s.f.DefaultMavenResourcesFiltering - skip non existing resourceDirectory C:\Users\LX4861307G\Desktop\Pruebas\CodigoJava\Kata\src\main\resources
2024-05-02 11:49:22,321 [Worker-52: Building] INFO  o.a.m.s.f.DefaultMavenResourcesFiltering - skip non existing resourceDirectory C:\Users\LX4861307G\Desktop\Pruebas\CodigoJava\Kata\src\test\resources
2024-05-02 11:49:39,678 [Worker-52: Building] INFO  o.a.m.s.f.DefaultMavenResourcesFiltering - skip non existing resourceDirectory C:\Users\LX4861307G\Desktop\Pruebas\CodigoJava\Kata\src\main\resources
2024-05-02 11:49:39,682 [Worker-52: Building] INFO  o.a.m.s.f.DefaultMavenResourcesFiltering - skip non existing resourceDirectory C:\Users\LX4861307G\Desktop\Pruebas\CodigoJava\Kata\src\test\resources
2024-05-02 11:50:11,536 [Worker-52: Building] INFO  o.a.m.s.f.DefaultMavenResourcesFiltering - skip non existing resourceDirectory C:\Users\LX4861307G\Desktop\Pruebas\CodigoJava\Kata\src\main\resources
2024-05-02 11:50:11,538 [Worker-52: Building] INFO  o.a.m.s.f.DefaultMavenResourcesFiltering - skip non existing resourceDirectory C:\Users\LX4861307G\Desktop\Pruebas\CodigoJava\Kata\src\test\resources
2024-05-02 11:50:23,878 [Worker-46: Building] INFO  o.a.m.s.f.DefaultMavenResourcesFiltering - skip non existing resourceDirectory C:\Users\LX4861307G\Desktop\Pruebas\CodigoJava\Kata\src\main\resources
2024-05-02 11:50:23,883 [Worker-46: Building] INFO  o.a.m.s.f.DefaultMavenResourcesFiltering - skip non existing resourceDirectory C:\Users\LX4861307G\Desktop\Pruebas\CodigoJava\Kata\src\test\resources
2024-05-02 11:51:12,110 [Worker-46: Building] INFO  o.a.m.s.f.DefaultMavenResourcesFiltering - skip non existing resourceDirectory C:\Users\LX4861307G\Desktop\Pruebas\CodigoJava\Kata\src\main\resources
2024-05-02 11:51:12,112 [Worker-46: Building] INFO  o.a.m.s.f.DefaultMavenResourcesFiltering - skip non existing resourceDirectory C:\Users\LX4861307G\Desktop\Pruebas\CodigoJava\Kata\src\test\resources
2024-05-02 11:51:27,659 [Worker-46: Building] INFO  o.a.m.s.f.DefaultMavenResourcesFiltering - skip non existing resourceDirectory C:\Users\LX4861307G\Desktop\Pruebas\CodigoJava\Kata\src\main\resources
2024-05-02 11:51:27,661 [Worker-46: Building] INFO  o.a.m.s.f.DefaultMavenResourcesFiltering - skip non existing resourceDirectory C:\Users\LX4861307G\Desktop\Pruebas\CodigoJava\Kata\src\test\resources
2024-05-02 11:51:40,954 [Worker-46: Building] INFO  o.a.m.s.f.DefaultMavenResourcesFiltering - skip non existing resourceDirectory C:\Users\LX4861307G\Desktop\Pruebas\CodigoJava\Kata\src\main\resources
2024-05-02 11:51:40,957 [Worker-46: Building] INFO  o.a.m.s.f.DefaultMavenResourcesFiltering - skip non existing resourceDirectory C:\Users\LX4861307G\Desktop\Pruebas\CodigoJava\Kata\src\test\resources
2024-05-02 11:52:26,362 [Worker-47: Building] INFO  o.a.m.s.f.DefaultMavenResourcesFiltering - skip non existing resourceDirectory C:\Users\LX4861307G\Desktop\Pruebas\CodigoJava\Kata\src\main\resources
2024-05-02 11:52:26,367 [Worker-47: Building] INFO  o.a.m.s.f.DefaultMavenResourcesFiltering - skip non existing resourceDirectory C:\Users\LX4861307G\Desktop\Pruebas\CodigoJava\Kata\src\test\resources
2024-05-02 11:59:59,291 [Worker-52: Building] INFO  o.a.m.s.f.DefaultMavenResourcesFiltering - skip non existing resourceDirectory C:\Users\LX4861307G\Desktop\Pruebas\CodigoJava\Kata\src\main\resources
2024-05-02 11:59:59,293 [Worker-52: Building] INFO  o.a.m.s.f.DefaultMavenResourcesFiltering - skip non existing resourceDirectory C:\Users\LX4861307G\Desktop\Pruebas\CodigoJava\Kata\src\test\resources
2024-05-02 12:02:54,524 [Worker-56: Building] INFO  o.a.m.s.f.DefaultMavenResourcesFiltering - skip non existing resourceDirectory C:\Users\LX4861307G\Desktop\Pruebas\CodigoJava\Kata\src\main\resources
2024-05-02 12:02:54,527 [Worker-56: Building] INFO  o.a.m.s.f.DefaultMavenResourcesFiltering - skip non existing resourceDirectory C:\Users\LX4861307G\Desktop\Pruebas\CodigoJava\Kata\src\test\resources
2024-05-02 12:04:13,575 [Worker-58: Building] INFO  o.a.m.s.f.DefaultMavenResourcesFiltering - skip non existing resourceDirectory C:\Users\LX4861307G\Desktop\Pruebas\CodigoJava\Kata\src\main\resources
2024-05-02 12:04:13,577 [Worker-58: Building] INFO  o.a.m.s.f.DefaultMavenResourcesFiltering - skip non existing resourceDirectory C:\Users\LX4861307G\Desktop\Pruebas\CodigoJava\Kata\src\test\resources
2024-05-02 12:04:32,216 [Worker-57: Building] INFO  o.a.m.s.f.DefaultMavenResourcesFiltering - skip non existing resourceDirectory C:\Users\LX4861307G\Desktop\Pruebas\CodigoJava\Kata\src\main\resources
2024-05-02 12:04:32,218 [Worker-57: Building] INFO  o.a.m.s.f.DefaultMavenResourcesFiltering - skip non existing resourceDirectory C:\Users\LX4861307G\Desktop\Pruebas\CodigoJava\Kata\src\test\resources
2024-05-02 12:05:01,270 [Worker-56: Building] INFO  o.a.m.s.f.DefaultMavenResourcesFiltering - skip non existing resourceDirectory C:\Users\LX4861307G\Desktop\Pruebas\CodigoJava\Kata\src\main\resources
2024-05-02 12:05:01,272 [Worker-56: Building] INFO  o.a.m.s.f.DefaultMavenResourcesFiltering - skip non existing resourceDirectory C:\Users\LX4861307G\Desktop\Pruebas\CodigoJava\Kata\src\test\resources
